<?xml version="1.0" encoding="UTF-8"?>
<!-- Generated by org.testng.reporters.JUnitReportReporter -->
<testsuite skipped="0" hostname="DESKTOP-VEKUJ09" name="TC005_Get_ExtractValueOfEachNodeInJson" tests="1" failures="0" timestamp="12 Apr 2020 14:57:54 GMT" time="2.387" errors="0">
  <testcase name="getWeatherDetails" time="2.387" classname="TC005_Get_ExtractValueOfEachNodeInJson"/>
</testsuite> <!-- TC005_Get_ExtractValueOfEachNodeInJson -->
