<?xml version="1.0" encoding="UTF-8"?>
<!-- Generated by org.testng.reporters.JUnitReportReporter -->
<testsuite skipped="0" hostname="DESKTOP-VEKUJ09" name="datadriventesting.Data_Driven_Testing_AddNewEmployees" tests="3" failures="0" timestamp="16 Apr 2020 21:49:03 GMT" time="2.579" errors="0">
  <testcase name="getCreateData" time="0.409" classname="datadriventesting.Data_Driven_Testing_AddNewEmployees"/>
  <testcase name="getCreateData" time="1.686" classname="datadriventesting.Data_Driven_Testing_AddNewEmployees"/>
  <testcase name="getCreateData" time="0.484" classname="datadriventesting.Data_Driven_Testing_AddNewEmployees"/>
</testsuite> <!-- datadriventesting.Data_Driven_Testing_AddNewEmployees -->
