<?xml version="1.0" encoding="UTF-8"?>
<!-- Generated by org.testng.reporters.JUnitReportReporter -->
<testsuite skipped="0" hostname="DESKTOP-VEKUJ09" name="TC006_Get_Request_Autherization" tests="1" failures="0" timestamp="12 Apr 2020 19:17:40 GMT" time="1.714" errors="0">
  <testcase name="autherizationTest" time="1.714" classname="TC006_Get_Request_Autherization"/>
</testsuite> <!-- TC006_Get_Request_Autherization -->
