<?xml version="1.0" encoding="UTF-8"?>
<!-- Generated by org.testng.reporters.JUnitReportReporter -->
<testsuite skipped="0" hostname="DESKTOP-VEKUJ09" name="TC1_Get_Response" tests="1" failures="0" timestamp="12 Apr 2020 00:00:59 GMT" time="1.541" errors="0">
  <testcase name="getWeatherDetails" time="1.541" classname="TC1_Get_Response"/>
</testsuite> <!-- TC1_Get_Response -->
