<?xml version="1.0" encoding="UTF-8"?>
<!-- Generated by org.testng.reporters.JUnitReportReporter -->
<testsuite skipped="0" hostname="DESKTOP-VEKUJ09" name="TC003_Request_PrintAll_Headers" tests="1" failures="0" timestamp="12 Apr 2020 14:23:24 GMT" time="1.962" errors="0">
  <testcase name="getWeatherDetails" time="1.962" classname="TC003_Request_PrintAll_Headers"/>
</testsuite> <!-- TC003_Request_PrintAll_Headers -->
