<?xml version="1.0" encoding="UTF-8"?>
<!-- Generated by org.testng.reporters.JUnitReportReporter -->
<testsuite skipped="0" hostname="DESKTOP-VEKUJ09" name="datadriventesting.Data_DrivenTest_AddNewEmployees" tests="3" failures="0" timestamp="16 Apr 2020 21:45:38 GMT" time="2.807" errors="0">
  <testcase name="postNewEmployees" time="0.503" classname="datadriventesting.Data_DrivenTest_AddNewEmployees"/>
  <testcase name="postNewEmployees" time="0.484" classname="datadriventesting.Data_DrivenTest_AddNewEmployees"/>
  <testcase name="postNewEmployees" time="1.820" classname="datadriventesting.Data_DrivenTest_AddNewEmployees"/>
</testsuite> <!-- datadriventesting.Data_DrivenTest_AddNewEmployees -->
