<?xml version="1.0" encoding="UTF-8"?>
<!-- Generated by org.testng.reporters.JUnitReportReporter -->
<testsuite skipped="0" hostname="DESKTOP-VEKUJ09" name="datadriventesting.Data_DrivenTest_AddNewEmployees1" tests="3" failures="0" timestamp="16 Apr 2020 01:49:52 GMT" time="3.463" errors="0">
  <testcase name="postNewEmployees" time="0.504" classname="datadriventesting.Data_DrivenTest_AddNewEmployees1"/>
  <testcase name="postNewEmployees" time="0.632" classname="datadriventesting.Data_DrivenTest_AddNewEmployees1"/>
  <testcase name="postNewEmployees" time="2.327" classname="datadriventesting.Data_DrivenTest_AddNewEmployees1"/>
</testsuite> <!-- datadriventesting.Data_DrivenTest_AddNewEmployees1 -->
