<?xml version="1.0" encoding="UTF-8"?>
<!-- Generated by org.testng.reporters.JUnitReportReporter -->
<testsuite skipped="0" hostname="DESKTOP-VEKUJ09" name="TC004_Get_Validating_JsonResponse" tests="1" failures="0" timestamp="12 Apr 2020 14:33:18 GMT" time="1.848" errors="0">
  <testcase name="getWeatherDetails" time="1.848" classname="TC004_Get_Validating_JsonResponse"/>
</testsuite> <!-- TC004_Get_Validating_JsonResponse -->
